Using pre-set license
Built from '2022.3/china_unity/release' branch; Version is '2022.3.55f1c1 (06b99830297d) revision 440728'; Using compiler version '192829333'; Build Type 'Release'
OS: 'Windows 11  (10.0.26200) 64bit Professional' Language: 'zh' Physical Memory: 32547 MB
BatchMode: 1, IsHumanControllingUs: 0, StartBugReporterOnCrash: 0, Is64bit: 1, IsPro: 1

COMMAND LINE ARGUMENTS:
C:\MMGA\2022.3.55f1c1\Editor\Unity.exe
-adb2
-batchMode
-noUpm
-name
AssetImportWorker0
-projectPath
C:/MMGA/Volumetric Clouds
-logFile
Logs/AssetImportWorker0.log
-srvPort
56216
Successfully changed project path to: C:/MMGA/Volumetric Clouds
C:/MMGA/Volumetric Clouds
[UnityMemory] Configuration Parameters - Can be set up in boot.config
    "memorysetup-bucket-allocator-granularity=16"
    "memorysetup-bucket-allocator-bucket-count=8"
    "memorysetup-bucket-allocator-block-size=33554432"
    "memorysetup-bucket-allocator-block-count=8"
    "memorysetup-main-allocator-block-size=16777216"
    "memorysetup-thread-allocator-block-size=16777216"
    "memorysetup-gfx-main-allocator-block-size=16777216"
    "memorysetup-gfx-thread-allocator-block-size=16777216"
    "memorysetup-cache-allocator-block-size=4194304"
    "memorysetup-typetree-allocator-block-size=2097152"
    "memorysetup-profiler-bucket-allocator-granularity=16"
    "memorysetup-profiler-bucket-allocator-bucket-count=8"
    "memorysetup-profiler-bucket-allocator-block-size=33554432"
    "memorysetup-profiler-bucket-allocator-block-count=8"
    "memorysetup-profiler-allocator-block-size=16777216"
    "memorysetup-profiler-editor-allocator-block-size=1048576"
    "memorysetup-temp-allocator-size-main=16777216"
    "memorysetup-job-temp-allocator-block-size=2097152"
    "memorysetup-job-temp-allocator-block-size-background=1048576"
    "memorysetup-job-temp-allocator-reduction-small-platforms=262144"
    "memorysetup-allocator-temp-initial-block-size-main=262144"
    "memorysetup-allocator-temp-initial-block-size-worker=262144"
    "memorysetup-temp-allocator-size-background-worker=32768"
    "memorysetup-temp-allocator-size-job-worker=262144"
    "memorysetup-temp-allocator-size-preload-manager=33554432"
    "memorysetup-temp-allocator-size-nav-mesh-worker=65536"
    "memorysetup-temp-allocator-size-audio-worker=65536"
    "memorysetup-temp-allocator-size-cloud-worker=32768"
    "memorysetup-temp-allocator-size-gi-baking-worker=262144"
    "memorysetup-temp-allocator-size-gfx=262144"
Player connection [46472]  Target information:

Player connection [46472]  * "[IP] 192.168.43.1 [Port] 0 [Flags] 2 [Guid] 3408699654 [EditorId] 3408699654 [Version] 1048832 [Id] WindowsEditor(7,DESKTOP-N3H4MKA) [Debug] 1 [PackageName] WindowsEditor [ProjectName] Editor" 

Player connection [46472]  * "[IP] 192.168.18.1 [Port] 0 [Flags] 2 [Guid] 3408699654 [EditorId] 3408699654 [Version] 1048832 [Id] WindowsEditor(7,DESKTOP-N3H4MKA) [Debug] 1 [PackageName] WindowsEditor [ProjectName] Editor" 

Player connection [46472]  * "[IP] 192.168.182.1 [Port] 0 [Flags] 2 [Guid] 3408699654 [EditorId] 3408699654 [Version] 1048832 [Id] WindowsEditor(7,DESKTOP-N3H4MKA) [Debug] 1 [PackageName] WindowsEditor [ProjectName] Editor" 

Player connection [46472]  * "[IP] 192.168.3.13 [Port] 0 [Flags] 2 [Guid] 3408699654 [EditorId] 3408699654 [Version] 1048832 [Id] WindowsEditor(7,DESKTOP-N3H4MKA) [Debug] 1 [PackageName] WindowsEditor [ProjectName] Editor" 

Player connection [46472] Host joined multi-casting on [225.0.0.222:54997]...
Player connection [46472] Host joined alternative multi-casting on [225.0.0.222:34997]...
[PhysX] Initialized MultithreadedTaskDispatcher with 20 workers.
Refreshing native plugins compatible for Editor in 8.82 ms, found 4 plugins.
Preloading 0 native plugins for Editor in 0.00 ms.
Initialize engine version: 2022.3.55f1c1 (06b99830297d)
[Subsystems] Discovering subsystems at path C:/MMGA/2022.3.55f1c1/Editor/Data/Resources/UnitySubsystems
[Subsystems] Discovering subsystems at path C:/MMGA/Volumetric Clouds/Assets
GfxDevice: creating device client; threaded=0; jobified=0
Direct3D:
    Version:  Direct3D 11.0 [level 11.1]
    Renderer: NVIDIA GeForce RTX 5070 (ID=0x2f04)
    Vendor:   NVIDIA
    VRAM:     11943 MB
    Driver:   32.0.15.9579
Initialize mono
Mono path[0] = 'C:/MMGA/2022.3.55f1c1/Editor/Data/Managed'
Mono path[1] = 'C:/MMGA/2022.3.55f1c1/Editor/Data/MonoBleedingEdge/lib/mono/unityjit-win32'
Mono config path = 'C:/MMGA/2022.3.55f1c1/Editor/Data/MonoBleedingEdge/etc'
Using monoOptions --debugger-agent=transport=dt_socket,embedding=1,server=y,suspend=n,address=127.0.0.1:56852
Begin MonoManager ReloadAssembly
Registering precompiled unity dll's ...
Register platform support module: C:/MMGA/2022.3.55f1c1/Editor/Data/PlaybackEngines/WindowsStandaloneSupport/UnityEditor.WindowsStandalone.Extensions.dll
Registered in 0.002737 seconds.
- Loaded All Assemblies, in  0.238 seconds
Native extension for WindowsStandalone target not found
Mono: successfully reloaded assembly
- Finished resetting the current domain, in  0.192 seconds
Domain Reload Profiling: 430ms
	BeginReloadAssembly (76ms)
		ExecutionOrderSort (0ms)
		DisableScriptedObjects (0ms)
		BackupInstance (0ms)
		ReleaseScriptingObjects (0ms)
		CreateAndSetChildDomain (1ms)
	RebuildCommonClasses (23ms)
	RebuildNativeTypeToScriptingClass (7ms)
	initialDomainReloadingComplete (38ms)
	LoadAllAssembliesAndSetupDomain (94ms)
		LoadAssemblies (75ms)
		RebuildTransferFunctionScriptingTraits (0ms)
		AnalyzeDomain (92ms)
			TypeCache.Refresh (91ms)
				TypeCache.ScanAssembly (82ms)
			ScanForSourceGeneratedMonoScriptInfo (0ms)
			ResolveRequiredComponents (0ms)
	FinalizeReload (192ms)
		ReleaseScriptCaches (0ms)
		RebuildScriptCaches (0ms)
		SetupLoadedEditorAssemblies (160ms)
			LogAssemblyErrors (0ms)
			InitializePlatformSupportModulesInManaged (7ms)
			SetLoadedEditorAssemblies (6ms)
			RefreshPlugins (0ms)
			BeforeProcessingInitializeOnLoad (2ms)
			ProcessInitializeOnLoadAttributes (112ms)
			ProcessInitializeOnLoadMethodAttributes (33ms)
			AfterProcessingInitializeOnLoad (0ms)
			EditorAssembliesLoaded (0ms)
		ExecutionOrderSort2 (0ms)
		AwakeInstancesAfterBackupRestoration (0ms)
========================================================================
Worker process is ready to serve import requests
Caller must complete domain reload
Begin MonoManager ReloadAssembly
- Loaded All Assemblies, in  0.898 seconds
Native extension for WindowsStandalone target not found
Mono: successfully reloaded assembly
- Finished resetting the current domain, in  0.792 seconds
Domain Reload Profiling: 1687ms
	BeginReloadAssembly (196ms)
		ExecutionOrderSort (0ms)
		DisableScriptedObjects (7ms)
		BackupInstance (0ms)
		ReleaseScriptingObjects (0ms)
		CreateAndSetChildDomain (32ms)
	RebuildCommonClasses (41ms)
	RebuildNativeTypeToScriptingClass (13ms)
	initialDomainReloadingComplete (57ms)
	LoadAllAssembliesAndSetupDomain (586ms)
		LoadAssemblies (439ms)
		RebuildTransferFunctionScriptingTraits (0ms)
		AnalyzeDomain (258ms)
			TypeCache.Refresh (212ms)
				TypeCache.ScanAssembly (195ms)
			ScanForSourceGeneratedMonoScriptInfo (29ms)
			ResolveRequiredComponents (14ms)
	FinalizeReload (793ms)
		ReleaseScriptCaches (0ms)
		RebuildScriptCaches (0ms)
		SetupLoadedEditorAssemblies (597ms)
			LogAssemblyErrors (0ms)
			InitializePlatformSupportModulesInManaged (8ms)
			SetLoadedEditorAssemblies (4ms)
			RefreshPlugins (0ms)
			BeforeProcessingInitializeOnLoad (85ms)
			ProcessInitializeOnLoadAttributes (403ms)
			ProcessInitializeOnLoadMethodAttributes (88ms)
			AfterProcessingInitializeOnLoad (8ms)
			EditorAssembliesLoaded (0ms)
		ExecutionOrderSort2 (0ms)
		AwakeInstancesAfterBackupRestoration (10ms)
Launched and connected shader compiler UnityShaderCompiler.exe after 0.04 seconds
Refreshing native plugins compatible for Editor in 8.80 ms, found 4 plugins.
Preloading 0 native plugins for Editor in 0.00 ms.
Unloading 5300 Unused Serialized files (Serialized files now loaded: 0)
Unloading 29 unused Assets / (71.7 MB). Loaded Objects now: 5758.
Memory consumption went from 206.6 MB to 134.9 MB.
Total: 7.629100 ms (FindLiveObjects: 0.826800 ms CreateObjectMapping: 0.253100 ms MarkObjects: 6.325400 ms  DeleteObjects: 0.222300 ms)

AssetImportParameters requested are different than current active one (requested -> active):
  custom:container-demuxer-ogg: 62fdf1f143b41e24485cea50d1cbac27 -> 
  custom:video-codec-MediaFoundation-h265: 746d11721c4dcdbdad8f713fa42b33f4 -> 
  custom:video-decoder-ogg-theora: a1e56fd34408186e4bbccfd4996cb3dc -> 
  custom:framework-win-MediaFoundation: 216162199b28c13a410421893ffa2e32 -> 
  custom:CustomObjectIndexerAttribute: 72b91833f83ae208fae7752999fa3104 -> 
  custom:container-demuxer-webm: 4f35f7cbe854078d1ac9338744f61a02 -> 
  custom:container-muxer-webm: aa71ff27fc2769a1b78a27578f13a17b -> 
  custom:video-decoder-webm-vp8: 9c59270c3fd7afecdb556c50c9e8de78 -> 
  custom:SearchIndexIgnoredProperties: e643bd26f0fe6173181afceb89e7c659 -> 
  custom:AudioImporter_EditorPlatform: d09bf68614088b80899f8185d706f6e7 -> 
  custom:video-encoder-webm-vp8: eb34c28f22e8b96e1ab97ce403110664 -> 
  custom:audio-decoder-ogg-vorbis: bf7c407c2cedff20999df2af8eb42d56 -> 
  custom:audio-encoder-webm-vorbis: bf7c407c2cedff20999df2af8eb42d56 -> 
========================================================================
Received Import Request.
  Time since last request: 277147.917838 seconds.
  path: Assets/Shaders/VolumetricClouds_V1.shader
  artifactKey: Guid(73689623fe28a2d4f9e88669453ce1d8) Importer(815301076,1909f56bfc062723c751e8b465ee728b)
Start importing Assets/Shaders/VolumetricClouds_V1.shader using Guid(73689623fe28a2d4f9e88669453ce1d8) Importer(815301076,1909f56bfc062723c751e8b465ee728b) [PhysX] Initialized MultithreadedTaskDispatcher with 20 workers.
 -> (artifact id: 'd1459270346b99ca9efa698a927f31ac') in 0.012982 seconds
Number of updated asset objects reloaded before import = 0
Number of asset objects unloaded after import = 0
========================================================================
Received Import Request.
  Time since last request: 33.906943 seconds.
  path: Assets/Shaders/VolumetricClouds_V2.shader
  artifactKey: Guid(6d656c3a36133cf4ca023e34a62d3d46) Importer(815301076,1909f56bfc062723c751e8b465ee728b)
Start importing Assets/Shaders/VolumetricClouds_V2.shader using Guid(6d656c3a36133cf4ca023e34a62d3d46) Importer(815301076,1909f56bfc062723c751e8b465ee728b) [PhysX] Initialized MultithreadedTaskDispatcher with 20 workers.
 -> (artifact id: '3774cf6f73ea13d8ea2111453d83693f') in 0.001388 seconds
Number of updated asset objects reloaded before import = 1
Number of asset objects unloaded after import = 1
========================================================================
Received Import Request.
  Time since last request: 29.838519 seconds.
  path: Assets/Shaders/VolumetricClouds_V2.shader
  artifactKey: Guid(6d656c3a36133cf4ca023e34a62d3d46) Importer(815301076,1909f56bfc062723c751e8b465ee728b)
Start importing Assets/Shaders/VolumetricClouds_V2.shader using Guid(6d656c3a36133cf4ca023e34a62d3d46) Importer(815301076,1909f56bfc062723c751e8b465ee728b) [PhysX] Initialized MultithreadedTaskDispatcher with 20 workers.
 -> (artifact id: '592a609bfaa1234bf9407d13acc1afa7') in 0.001148 seconds
Number of updated asset objects reloaded before import = 0
Number of asset objects unloaded after import = 1
========================================================================
Received Import Request.
  Time since last request: 56.895639 seconds.
  path: Assets/Shaders/VolumetricClouds_V2.shader
  artifactKey: Guid(6d656c3a36133cf4ca023e34a62d3d46) Importer(815301076,1909f56bfc062723c751e8b465ee728b)
Start importing Assets/Shaders/VolumetricClouds_V2.shader using Guid(6d656c3a36133cf4ca023e34a62d3d46) Importer(815301076,1909f56bfc062723c751e8b465ee728b) [PhysX] Initialized MultithreadedTaskDispatcher with 20 workers.
 -> (artifact id: '0dcfd1223f01a2515b06515546d0fe0d') in 0.001221 seconds
Number of updated asset objects reloaded before import = 0
Number of asset objects unloaded after import = 1
========================================================================
Received Import Request.
  Time since last request: 241.977034 seconds.
  path: Assets/Shaders/VolumetricClouds_V2.shader
  artifactKey: Guid(6d656c3a36133cf4ca023e34a62d3d46) Importer(815301076,1909f56bfc062723c751e8b465ee728b)
Start importing Assets/Shaders/VolumetricClouds_V2.shader using Guid(6d656c3a36133cf4ca023e34a62d3d46) Importer(815301076,1909f56bfc062723c751e8b465ee728b) [PhysX] Initialized MultithreadedTaskDispatcher with 20 workers.
 -> (artifact id: '1f26f4658cb522bbf9ef91768c6f51dc') in 0.001741 seconds
Number of updated asset objects reloaded before import = 0
Number of asset objects unloaded after import = 1
========================================================================
Received Import Request.
  Time since last request: 20.366385 seconds.
  path: Assets/Shaders/VolumetricClouds_V3.shader
  artifactKey: Guid(bd3e8380f6d00074991fb7cd2b1250e4) Importer(815301076,1909f56bfc062723c751e8b465ee728b)
Start importing Assets/Shaders/VolumetricClouds_V3.shader using Guid(bd3e8380f6d00074991fb7cd2b1250e4) Importer(815301076,1909f56bfc062723c751e8b465ee728b) [PhysX] Initialized MultithreadedTaskDispatcher with 20 workers.
 -> (artifact id: '807f55bbed49709d13ca008d56364e14') in 0.001217 seconds
Number of updated asset objects reloaded before import = 0
Number of asset objects unloaded after import = 1
========================================================================
Received Import Request.
  Time since last request: 16.197843 seconds.
  path: Assets/Shaders/VolumetricClouds_V3.shader
  artifactKey: Guid(bd3e8380f6d00074991fb7cd2b1250e4) Importer(815301076,1909f56bfc062723c751e8b465ee728b)
Start importing Assets/Shaders/VolumetricClouds_V3.shader using Guid(bd3e8380f6d00074991fb7cd2b1250e4) Importer(815301076,1909f56bfc062723c751e8b465ee728b) [PhysX] Initialized MultithreadedTaskDispatcher with 20 workers.
 -> (artifact id: '78adf61d267c30c039b58afce56a5319') in 0.001225 seconds
Number of updated asset objects reloaded before import = 0
Number of asset objects unloaded after import = 1
========================================================================
Received Import Request.
  Time since last request: 10.065528 seconds.
  path: Assets/Shaders/VolumetricClouds_V1.shader
  artifactKey: Guid(73689623fe28a2d4f9e88669453ce1d8) Importer(815301076,1909f56bfc062723c751e8b465ee728b)
Start importing Assets/Shaders/VolumetricClouds_V1.shader using Guid(73689623fe28a2d4f9e88669453ce1d8) Importer(815301076,1909f56bfc062723c751e8b465ee728b) [PhysX] Initialized MultithreadedTaskDispatcher with 20 workers.
 -> (artifact id: '9de563bc37b368beb511991dc59031ba') in 0.000743 seconds
Number of updated asset objects reloaded before import = 0
Number of asset objects unloaded after import = 0
========================================================================
Received Import Request.
  Time since last request: 9.616235 seconds.
  path: Assets/Shaders/Mat_Cloud_V1.mat
  artifactKey: Guid(e34d1830d0013814cb1cdd114d7f3844) Importer(815301076,1909f56bfc062723c751e8b465ee728b)
Start importing Assets/Shaders/Mat_Cloud_V1.mat using Guid(e34d1830d0013814cb1cdd114d7f3844) Importer(815301076,1909f56bfc062723c751e8b465ee728b) [PhysX] Initialized MultithreadedTaskDispatcher with 20 workers.
[PhysX] Initialized MultithreadedTaskDispatcher with 20 workers.
 -> (artifact id: '5890b44937dafa074b11a6d8269bf8b3') in 0.377965 seconds
Number of updated asset objects reloaded before import = 0
Number of asset objects unloaded after import = 22
========================================================================
Received Import Request.
  Time since last request: 12.220584 seconds.
  path: Assets/Shaders/Mat_Cloud_V2.mat
  artifactKey: Guid(9e2078a0d0d8af849b114d60f018a551) Importer(815301076,1909f56bfc062723c751e8b465ee728b)
Start importing Assets/Shaders/Mat_Cloud_V2.mat using Guid(9e2078a0d0d8af849b114d60f018a551) Importer(815301076,1909f56bfc062723c751e8b465ee728b) [PhysX] Initialized MultithreadedTaskDispatcher with 20 workers.
[PhysX] Initialized MultithreadedTaskDispatcher with 20 workers.
 -> (artifact id: '0b290625e48bf46653bbe809db7dc453') in 0.235754 seconds
Number of updated asset objects reloaded before import = 0
Number of asset objects unloaded after import = 3
========================================================================
Received Import Request.
  Time since last request: 11.195281 seconds.
  path: Assets/Shaders/Mat_Cloud_V3.mat
  artifactKey: Guid(d4d14952e054ff945b57f8453599515f) Importer(815301076,1909f56bfc062723c751e8b465ee728b)
Start importing Assets/Shaders/Mat_Cloud_V3.mat using Guid(d4d14952e054ff945b57f8453599515f) Importer(815301076,1909f56bfc062723c751e8b465ee728b) [PhysX] Initialized MultithreadedTaskDispatcher with 20 workers.
[PhysX] Initialized MultithreadedTaskDispatcher with 20 workers.
 -> (artifact id: '1915e389ff09e0400a5bda9f421f6e32') in 0.187750 seconds
Number of updated asset objects reloaded before import = 0
Number of asset objects unloaded after import = 3
========================================================================
Received Import Request.
  Time since last request: 121.658761 seconds.
  path: Assets/Shaders/VolumetricCloudsMat.mat
  artifactKey: Guid(a4a0d2bf409a7f442b2835af694cb127) Importer(815301076,1909f56bfc062723c751e8b465ee728b)
Start importing Assets/Shaders/VolumetricCloudsMat.mat using Guid(a4a0d2bf409a7f442b2835af694cb127) Importer(815301076,1909f56bfc062723c751e8b465ee728b) [PhysX] Initialized MultithreadedTaskDispatcher with 20 workers.
[PhysX] Initialized MultithreadedTaskDispatcher with 20 workers.
 -> (artifact id: 'f6b2b940b86b69d47dab415fbcfdf532') in 0.293218 seconds
Number of updated asset objects reloaded before import = 1
Number of asset objects unloaded after import = 3
========================================================================
Received Import Request.
  Time since last request: 278.853253 seconds.
  path: Assets/Shaders/VolumetricCloudsMat.mat
  artifactKey: Guid(a4a0d2bf409a7f442b2835af694cb127) Importer(815301076,1909f56bfc062723c751e8b465ee728b)
Start importing Assets/Shaders/VolumetricCloudsMat.mat using Guid(a4a0d2bf409a7f442b2835af694cb127) Importer(815301076,1909f56bfc062723c751e8b465ee728b) [PhysX] Initialized MultithreadedTaskDispatcher with 20 workers.
[PhysX] Initialized MultithreadedTaskDispatcher with 20 workers.
 -> (artifact id: '9a6f20f66af6738c34c54115df63726a') in 0.239617 seconds
Number of updated asset objects reloaded before import = 1
Number of asset objects unloaded after import = 3
